{
  "0 debug pnpm:scope": {
    "selected": 1
  },
  "1 error pnpm": {
    "code": "ELIFECYCLE",
    "errno": "ENOENT",
    "syscall": "spawn",
    "file": "sh",
    "pkgid": "s2maps-gl@0.1.0",
    "stage": "build",
    "script": "export SET NODE_OPTIONS=--openssl-legacy-provider && next build",
    "pkgname": "s2maps-gl",
    "err": {
      "name": "pnpm",
      "message": "s2maps-gl@0.1.0 build: `export SET NODE_OPTIONS=--openssl-legacy-provider && next build`\nspawn ENOENT",
      "code": "ELIFECYCLE",
      "stack": "pnpm: s2maps-gl@0.1.0 build: `export SET NODE_OPTIONS=--openssl-legacy-provider && next build`\nspawn ENOENT\n    at ChildProcess.<anonymous> (/Users/craigoconnor/pnpm-global/5/node_modules/.pnpm/pnpm@6.19.1/node_modules/pnpm/dist/pnpm.cjs:92977:22)\n    at ChildProcess.emit (node:events:390:28)\n    at maybeClose (node:internal/child_process:1062:16)\n    at Process.ChildProcess._handle.onexit (node:internal/child_process:301:5)"
    }
  },
  "2 warn pnpm:global": " Local package.json exists, but node_modules missing, did you mean to install?"
}